<?xml version="1.0" encoding="UTF-8"?>
<testsuite name="com.tictactoe.game.GameApplicationTests" tests="1" skipped="0" failures="0" errors="0" timestamp="2025-07-14T14:32:28.455Z" hostname="CEPFSIIMFNB18" time="0.612">
  <properties/>
  <testcase name="contextLoads()" classname="com.tictactoe.game.GameApplicationTests" time="0.612"/>
  <system-out><![CDATA[11:32:19.830 [Test worker] INFO org.springframework.test.context.support.AnnotationConfigContextLoaderUtils -- Could not detect default configuration classes for test class [com.tictactoe.game.GameApplicationTests]: GameApplicationTests does not declare any static, non-private, non-final, nested classes annotated with @Configuration.
11:32:20.075 [Test worker] INFO org.springframework.boot.test.context.SpringBootTestContextBootstrapper -- Found @SpringBootConfiguration com.tictactoe.game.GameApplication for test class com.tictactoe.game.GameApplicationTests

  .   ____          _            __ _ _
 /\\ / ___'_ __ _ _(_)_ __  __ _ \ \ \ \
( ( )\___ | '_ | '_| | '_ \/ _` | \ \ \ \
 \\/  ___)| |_)| | | | | || (_| |  ) ) ) )
  '  |____| .__|_| |_|_| |_\__, | / / / /
 =========|_|==============|___/=/_/_/_/

 :: Spring Boot ::                (v3.5.3)

2025-07-14T11:32:20.886-03:00  INFO 22420 --- [game] [    Test worker] c.tictactoe.game.GameApplicationTests    : Starting GameApplicationTests using Java 22.0.1 with PID 22420 (started by Aluno in C:\Users\Aluno\tictactoe\game)
2025-07-14T11:32:20.888-03:00  INFO 22420 --- [game] [    Test worker] c.tictactoe.game.GameApplicationTests    : No active profile set, falling back to 1 default profile: "default"
2025-07-14T11:32:22.085-03:00  INFO 22420 --- [game] [    Test worker] .s.d.r.c.RepositoryConfigurationDelegate : Bootstrapping Spring Data JPA repositories in DEFAULT mode.
2025-07-14T11:32:22.183-03:00  INFO 22420 --- [game] [    Test worker] .s.d.r.c.RepositoryConfigurationDelegate : Finished Spring Data repository scanning in 78 ms. Found 3 JPA repository interfaces.
2025-07-14T11:32:23.073-03:00  INFO 22420 --- [game] [    Test worker] com.zaxxer.hikari.HikariDataSource       : HikariPool-1 - Starting...
2025-07-14T11:32:23.431-03:00  INFO 22420 --- [game] [    Test worker] com.zaxxer.hikari.pool.HikariPool        : HikariPool-1 - Added connection conn0: url=jdbc:h2:mem:testdb user=SA
2025-07-14T11:32:23.435-03:00  INFO 22420 --- [game] [    Test worker] com.zaxxer.hikari.HikariDataSource       : HikariPool-1 - Start completed.
2025-07-14T11:32:23.519-03:00  INFO 22420 --- [game] [    Test worker] o.hibernate.jpa.internal.util.LogHelper  : HHH000204: Processing PersistenceUnitInfo [name: default]
2025-07-14T11:32:23.628-03:00  INFO 22420 --- [game] [    Test worker] org.hibernate.Version                    : HHH000412: Hibernate ORM core version 6.6.18.Final
2025-07-14T11:32:23.689-03:00  INFO 22420 --- [game] [    Test worker] o.h.c.internal.RegionFactoryInitiator    : HHH000026: Second-level cache disabled
2025-07-14T11:32:24.114-03:00  INFO 22420 --- [game] [    Test worker] o.s.o.j.p.SpringPersistenceUnitInfo      : No LoadTimeWeaver setup: ignoring JPA class transformer
2025-07-14T11:32:24.181-03:00  WARN 22420 --- [game] [    Test worker] org.hibernate.orm.deprecation            : HHH90000025: H2Dialect does not need to be specified explicitly using 'hibernate.dialect' (remove the property setting and it will be selected by default)
2025-07-14T11:32:24.199-03:00  INFO 22420 --- [game] [    Test worker] org.hibernate.orm.connections.pooling    : HHH10001005: Database info:
	Database JDBC URL [Connecting through datasource 'HikariDataSource (HikariPool-1)']
	Database driver: undefined/unknown
	Database version: 2.3.232
	Autocommit mode: undefined/unknown
	Isolation level: undefined/unknown
	Minimum pool size: undefined/unknown
	Maximum pool size: undefined/unknown
2025-07-14T11:32:25.364-03:00  INFO 22420 --- [game] [    Test worker] o.h.e.t.j.p.i.JtaPlatformInitiator       : HHH000489: No JTA platform available (set 'hibernate.transaction.jta.platform' to enable JTA platform integration)
2025-07-14T11:32:25.434-03:00  INFO 22420 --- [game] [    Test worker] j.LocalContainerEntityManagerFactoryBean : Initialized JPA EntityManagerFactory for persistence unit 'default'
2025-07-14T11:32:26.242-03:00  INFO 22420 --- [game] [    Test worker] r$InitializeUserDetailsManagerConfigurer : Global AuthenticationManager configured with UserDetailsService bean with name customUserDetailsService
2025-07-14T11:32:26.298-03:00  INFO 22420 --- [game] [    Test worker] o.s.d.j.r.query.QueryEnhancerFactory     : Hibernate is in classpath; If applicable, HQL parser will be used.
2025-07-14T11:32:27.286-03:00  WARN 22420 --- [game] [    Test worker] JpaBaseConfiguration$JpaWebConfiguration : spring.jpa.open-in-view is enabled by default. Therefore, database queries may be performed during view rendering. Explicitly configure spring.jpa.open-in-view to disable this warning
2025-07-14T11:32:28.281-03:00  INFO 22420 --- [game] [    Test worker] o.s.b.a.h2.H2ConsoleAutoConfiguration    : H2 console available at '/h2-console'. Database available at 'jdbc:h2:mem:testdb'
2025-07-14T11:32:28.410-03:00  INFO 22420 --- [game] [    Test worker] c.tictactoe.game.GameApplicationTests    : Started GameApplicationTests in 8.049 seconds (process running for 9.958)
]]></system-out>
  <system-err><![CDATA[Mockito is currently self-attaching to enable the inline-mock-maker. This will no longer work in future releases of the JDK. Please add Mockito as an agent to your build as described in Mockito's documentation: https://javadoc.io/doc/org.mockito/mockito-core/latest/org.mockito/org/mockito/Mockito.html#0.3
WARNING: A Java agent has been loaded dynamically (C:\Users\Aluno\.gradle\caches\modules-2\files-2.1\net.bytebuddy\byte-buddy-agent\1.17.6\17b32fd9f57deef02842f7f05abc4ad8127fe34e\byte-buddy-agent-1.17.6.jar)
WARNING: If a serviceability tool is in use, please run with -XX:+EnableDynamicAgentLoading to hide this warning
WARNING: If a serviceability tool is not in use, please run with -Djdk.instrument.traceUsage for more information
WARNING: Dynamic loading of agents will be disallowed by default in a future release
]]></system-err>
</testsuite>
